c:\users\cmpolit\documents\visual studio 2022\projects\game0\vs-2022\saucer-shoot\x64\debug\vc143.pdb
c:\users\cmpolit\documents\visual studio 2022\projects\game0\vs-2022\saucer-shoot\x64\debug\vc143.idb
c:\users\cmpolit\documents\visual studio 2022\projects\game0\vs-2022\saucer-shoot\x64\debug\points.obj
c:\users\cmpolit\documents\visual studio 2022\projects\game0\vs-2022\saucer-shoot\x64\debug\gamestart.obj
c:\users\cmpolit\documents\visual studio 2022\projects\game0\vs-2022\saucer-shoot\x64\debug\gameover.obj
c:\users\cmpolit\documents\visual studio 2022\projects\game0\vs-2022\saucer-shoot\x64\debug\frog.obj
c:\users\cmpolit\documents\visual studio 2022\projects\game0\vs-2022\saucer-shoot\x64\debug\dust.obj
c:\users\cmpolit\documents\visual studio 2022\projects\game0\vs-2022\saucer-shoot\x64\debug\block.obj
c:\users\cmpolit\documents\visual studio 2022\projects\game0\vs-2022\saucer-shoot\x64\debug\game.obj
c:\users\cmpolit\documents\visual studio 2022\projects\game0\vs-2022\x64\debug\saucer-shoot.exe
c:\users\cmpolit\documents\visual studio 2022\projects\game0\vs-2022\x64\debug\saucer-shoot.pdb
c:\users\cmpolit\documents\visual studio 2022\projects\game0\vs-2022\saucer-shoot\x64\debug\saucer-shoot.ilk
c:\users\cmpolit\documents\visual studio 2022\projects\game0\vs-2022\saucer-shoot\x64\debug\game.obj.enc
c:\users\cmpolit\documents\visual studio 2022\projects\game0\vs-2022\saucer-shoot\x64\debug\gameover.obj.enc
c:\users\cmpolit\documents\visual studio 2022\projects\game0\vs-2022\saucer-shoot\x64\debug\gamestart.obj.enc
c:\users\cmpolit\documents\visual studio 2022\projects\game0\vs-2022\saucer-shoot\x64\debug\saucer-shoot.tlog\cl.command.1.tlog
c:\users\cmpolit\documents\visual studio 2022\projects\game0\vs-2022\saucer-shoot\x64\debug\saucer-shoot.tlog\cl.items.tlog
c:\users\cmpolit\documents\visual studio 2022\projects\game0\vs-2022\saucer-shoot\x64\debug\saucer-shoot.tlog\cl.read.1.tlog
c:\users\cmpolit\documents\visual studio 2022\projects\game0\vs-2022\saucer-shoot\x64\debug\saucer-shoot.tlog\cl.write.1.tlog
c:\users\cmpolit\documents\visual studio 2022\projects\game0\vs-2022\saucer-shoot\x64\debug\saucer-shoot.tlog\link.command.1.tlog
c:\users\cmpolit\documents\visual studio 2022\projects\game0\vs-2022\saucer-shoot\x64\debug\saucer-shoot.tlog\link.read.1.tlog
c:\users\cmpolit\documents\visual studio 2022\projects\game0\vs-2022\saucer-shoot\x64\debug\saucer-shoot.tlog\link.secondary.1.tlog
c:\users\cmpolit\documents\visual studio 2022\projects\game0\vs-2022\saucer-shoot\x64\debug\saucer-shoot.tlog\link.write.1.tlog
